<?xml version="1.0" encoding="UTF-8"?>
<!-- Generated by org.testng.reporters.JUnitReportReporter -->
<testsuite hostname="LAPTOP-K45UC655" failures="0" tests="1" name="com.automation.testcases.LoginTestCRM" time="4.160" errors="0" timestamp="2022-08-19T15:58:36 IST" skipped="0">
  <testcase classname="com.automation.testcases.LoginTestCRM" name="loginApp" time="4.160"/>
  <system-out/>
</testsuite> <!-- com.automation.testcases.LoginTestCRM -->
